[2020-02-06 11:32 Asia/Kolkata] HTTP request of validation request:POST /cgi-bin/webscr HTTP/1.1
Host: www.sandbox.paypal.com
Accept: */*
Connection: Close
Content-Length: 192
Content-Type: application/x-www-form-urlencoded

 for IPN payload: amt=20.00&cc=INR&item_name=1fcb7ec7-90d0-4c0f-a775-62a07ff0656b&item_number=1&st=Completed&tx=0JT58222F4646351H&cmd=_notify-synch&at=xyvzY6f0sSDiz5W1G9Z-kpTdQDka1JIxTFVKIcaCFdM31R0ZIXExkJoL7ly
[2020-02-06 11:32 Asia/Kolkata] HTTP response of validation request: HTTP/1.1 200 OK
Cache-Control: max-age=0, no-cache, no-store, must-revalidate
Content-Type: text/html; charset=UTF-8
Date: Thu, 06 Feb 2020 06:02:09 GMT
Paypal-Debug-Id: 8679824e24cbc
Set-Cookie: c9MWDuvPtT9GIMyPc3jwol1VSlO=CBekMWHNUtU3qwI5fxnCMxv92FLu4oBWxdkNKULtzRMSPSUIw47M8Rj7yt-W2BUOGVGSZdkryFGeCrXQr2pllFt8tA5-ukkfjl1XiqW3mUwprh-jsOQTkdMYnGRq8-qznnvrJ0MjWhGJPFchRd_uU3ON7KP7Er84ZOxJppP-zBnyRGn6zoyBe63vp0bJZle1EFjYtmbrj72ZB7vaWnZ1LX2NKXpc6o85oxF603_kVEcxZOinj4dInuFKNPZxPIRAgjJODErQLp76ncXtQ-fPTegVj01o__KfmVRlc9P54vd9csrqbhEJLRwK6lAn_W9YMtLaOzYZm08IU8P_v77THLE61Z2QseLfqMaDuWdWa6INJEHd68K1ZH7u_OR50M25g-GNm6lFmRaoPDBPejCsgJfUZbwK9Qk6km1vqGdwpIPpxrSQ72ozmFCdA6u; Path=/; Domain=paypal.com; HttpOnly; Secure
Set-Cookie: -1ILhdyICORs4hS4xTUr41S8iP0=xs1zzgpqDRdKXAUhMFLBbEnCgjSfJnCLOyOXisEdK7YGhpKSLey7RpGKhjxeAxes_V7Dy1ZUcXH-PBvF; Path=/; Domain=paypal.com; Expires=Wed, 31 Dec 1969 23:59:59 GMT; HttpOnly; Secure
Set-Cookie: cookie_check=yes; Path=/; Domain=paypal.com; Expires=Sun, 03 Feb 2030 06:02:10 GMT; HttpOnly; Secure
Set-Cookie: navcmd=_notify-synch; Path=/; Domain=paypal.com; HttpOnly; Secure
Set-Cookie: navlns=0.0; Path=/; Domain=paypal.com; Expires=Sat, 05 Feb 2022 06:02:10 GMT; HttpOnly; Secure
Set-Cookie: Apache=10.72.108.11.1580968929542043; Path=/
Set-Cookie: X-PP-SILOVER=name%3DSANDBOX3.WEB.1%26silo_version%3D880%26app%3Dappdispatcher%26TIME%3D1580968930%26HTTP_X_PP_AZ_LOCATOR%3Dsandbox.slc; Path=/; Domain=paypal.com; Expires=Thu, 06 Feb 2020 06:32:10 GMT; HttpOnly; Secure
Set-Cookie: X-PP-L7=1; Path=/; Domain=paypal.com; Secure
Vary: Accept-Encoding,User-Agent
X-Frame-Options: SAMEORIGIN
Content-Length: 741
Connection: close
Strict-Transport-Security: max-age=63072000

SUCCESS
mc_gross=20.00
protection_eligibility=Eligible
payer_id=3HUYVUZ8VXHF6
tax=0.00
payment_date=22%3A01%3A58+Feb+05%2C+2020+PST
payment_status=Completed
charset=windows-1252
first_name=Khangembam
mc_fee=0.80
custom=
payer_status=verified
business=khangembamc%40gmail.com
quantity=1
payer_email=meeraen_kha%40gmail.com
txn_id=0JT58222F4646351H
payment_type=instant
last_name=Mathoungamba
receiver_email=khangembamc%40gmail.com
payment_fee=
shipping_discount=0.00
insurance_amount=0.00
receiver_id=KUN3L4XB33UAU
txn_type=web_accept
item_name=1fcb7ec7-90d0-4c0f-a775-62a07ff0656b
discount=0.00
mc_currency=INR
item_number=1
residence_country=IN
handling_amount=0.00
shipping_method=Default
transaction_subject=
payment_gross=
shipping=0.00

[2020-02-06 12:03 Asia/Kolkata] HTTP request of validation request:POST /cgi-bin/webscr HTTP/1.1
Host: www.sandbox.paypal.com
Accept: */*
Connection: Close
Content-Length: 192
Content-Type: application/x-www-form-urlencoded

 for IPN payload: amt=20.00&cc=INR&item_name=1fcb7ec7-90d0-4c0f-a775-62a07ff0656b&item_number=1&st=Completed&tx=0JT58222F4646351H&cmd=_notify-synch&at=xyvzY6f0sSDiz5W1G9Z-kpTdQDka1JIxTFVKIcaCFdM31R0ZIXExkJoL7ly
[2020-02-06 12:03 Asia/Kolkata] HTTP response of validation request: HTTP/1.1 200 OK
Cache-Control: max-age=0, no-cache, no-store, must-revalidate
Content-Type: text/html; charset=UTF-8
Date: Thu, 06 Feb 2020 06:33:57 GMT
Paypal-Debug-Id: 505458c5c8b25
Set-Cookie: c9MWDuvPtT9GIMyPc3jwol1VSlO=vQZx6Liiq-Qd2VR4avrF5-ksBivLTKzHDEVtlEKo6E4hdvoNmCeg7nz-2kIPFIVkObFAAJiGNTMd66OEIf3V1NF3z3DGzj3voHguxfXS46BviCZhgfN45gvnd132WGOcIpA8LmGFzTcbVRnE6NOFM1ocZIctaC_i3SwFgd7HRuSN5hNKEZNRSANeNOajvc1pWwl-Ve6Zk1ka6wxFa_se52iwYoFmPTH6Hy8BJYzQARlNYsq1TIFDK5QNjGwr25J7W03IvbWKaDuywdk5tVLK0GCbxPgEvEvf_XFfu-tK0kb_4xv_Hgpba9XX_J64Cb0m7mTUYeQwJDneY8PmNwn7Yoap0ZCMVsctec_1C57y9foDzCD5xQaHV2FW4anVianzPvtKccRPh27scutCr8kH77pLjKXz3qgXuk-FXhlHG8d0Ddq0TXLEyx8qKHS; Path=/; Domain=paypal.com; HttpOnly; Secure
Set-Cookie: -1ILhdyICORs4hS4xTUr41S8iP0=7i2LhpJUR1f_0cVHtzxy5zbnVy961GXTFiuwQqpcD2tkDpp5_-MBrvuLUlK6hz0G0oYg30imQi9gciCy; Path=/; Domain=paypal.com; Expires=Wed, 31 Dec 1969 23:59:59 GMT; HttpOnly; Secure
Set-Cookie: cookie_check=yes; Path=/; Domain=paypal.com; Expires=Sun, 03 Feb 2030 06:33:58 GMT; HttpOnly; Secure
Set-Cookie: navcmd=_notify-synch; Path=/; Domain=paypal.com; HttpOnly; Secure
Set-Cookie: navlns=0.0; Path=/; Domain=paypal.com; Expires=Sat, 05 Feb 2022 06:33:58 GMT; HttpOnly; Secure
Set-Cookie: Apache=10.72.108.11.1580970837347863; Path=/
Set-Cookie: X-PP-SILOVER=name%3DSANDBOX3.WEB.1%26silo_version%3D880%26app%3Dappdispatcher%26TIME%3D1580970838%26HTTP_X_PP_AZ_LOCATOR%3Dsandbox.slc; Path=/; Domain=paypal.com; Expires=Thu, 06 Feb 2020 07:03:58 GMT; HttpOnly; Secure
Set-Cookie: X-PP-L7=1; Path=/; Domain=paypal.com; Secure
Vary: Accept-Encoding,User-Agent
X-Frame-Options: SAMEORIGIN
Content-Length: 741
Connection: close
Strict-Transport-Security: max-age=63072000

SUCCESS
mc_gross=20.00
protection_eligibility=Eligible
payer_id=3HUYVUZ8VXHF6
tax=0.00
payment_date=22%3A01%3A58+Feb+05%2C+2020+PST
payment_status=Completed
charset=windows-1252
first_name=Khangembam
mc_fee=0.80
custom=
payer_status=verified
business=khangembamc%40gmail.com
quantity=1
payer_email=meeraen_kha%40gmail.com
txn_id=0JT58222F4646351H
payment_type=instant
last_name=Mathoungamba
receiver_email=khangembamc%40gmail.com
payment_fee=
shipping_discount=0.00
insurance_amount=0.00
receiver_id=KUN3L4XB33UAU
txn_type=web_accept
item_name=1fcb7ec7-90d0-4c0f-a775-62a07ff0656b
discount=0.00
mc_currency=INR
item_number=1
residence_country=IN
handling_amount=0.00
shipping_method=Default
transaction_subject=
payment_gross=
shipping=0.00

[2020-02-06 12:11 Asia/Kolkata] HTTP request of validation request:POST /cgi-bin/webscr HTTP/1.1
Host: www.sandbox.paypal.com
Accept: */*
Connection: Close
Content-Length: 192
Content-Type: application/x-www-form-urlencoded

 for IPN payload: amt=20.00&cc=INR&item_name=1fcb7ec7-90d0-4c0f-a775-62a07ff0656b&item_number=1&st=Completed&tx=0JT58222F4646351H&cmd=_notify-synch&at=xyvzY6f0sSDiz5W1G9Z-kpTdQDka1JIxTFVKIcaCFdM31R0ZIXExkJoL7ly
[2020-02-06 12:11 Asia/Kolkata] HTTP response of validation request: HTTP/1.1 200 OK
Cache-Control: max-age=0, no-cache, no-store, must-revalidate
Content-Type: text/html; charset=UTF-8
Date: Thu, 06 Feb 2020 06:41:12 GMT
Paypal-Debug-Id: 5f38d6e67fef9
Set-Cookie: c9MWDuvPtT9GIMyPc3jwol1VSlO=DZHT2DoQCEMKJ78S7RlNvneeSSssiwWijGRXV9vJ5xOwFEa7werfATK4HOz-B9_SNh7X9RyjxpXylUYZFNw9az5yku_Nlry7hPyC-_5xX-NncltnacNv77wl-FpR5AJ6Nfp3dCR1SYmdtfVWyLd559ImbsPJN3He2FjQXqJUpp43Sh-33iY0oLhQX29nN97Kar4WewLWuaVyx-nfHYqdgO9od35TtFsagNq2vitrLn7EhXTbK_UFqFYtospRQvcLQitn4aXAzgeGeRe0NixY9LbkNnHZJ5fmWkfyqypmA1Yw6kCC6EHVVsqQKzbgUzHVTxxHIjDTFW7KzNe7eFK9z1Fjns-01QcGujZhE98cfuW7aQEb9OUKHhvfGNgmnVZgYjb6H7siXlciNrmoASmpXWX5VX_1m_ppbPSX205dFKVNNO2SCfepxv6NbUy; Path=/; Domain=paypal.com; HttpOnly; Secure
Set-Cookie: -1ILhdyICORs4hS4xTUr41S8iP0=0-BNmQifT2jM00tBZ3EQQ6oSC4HvFyKTfop107KaxhiB-cLYdOjwencZSsIAZ1o-SXdVdArT0h33eYOR; Path=/; Domain=paypal.com; Expires=Wed, 31 Dec 1969 23:59:59 GMT; HttpOnly; Secure
Set-Cookie: cookie_check=yes; Path=/; Domain=paypal.com; Expires=Sun, 03 Feb 2030 06:41:13 GMT; HttpOnly; Secure
Set-Cookie: navcmd=_notify-synch; Path=/; Domain=paypal.com; HttpOnly; Secure
Set-Cookie: navlns=0.0; Path=/; Domain=paypal.com; Expires=Sat, 05 Feb 2022 06:41:13 GMT; HttpOnly; Secure
Set-Cookie: Apache=10.72.108.11.1580971272334535; Path=/
Set-Cookie: X-PP-SILOVER=name%3DSANDBOX3.WEB.1%26silo_version%3D880%26app%3Dappdispatcher%26TIME%3D1580971273%26HTTP_X_PP_AZ_LOCATOR%3Dsandbox.slc; Path=/; Domain=paypal.com; Expires=Thu, 06 Feb 2020 07:11:13 GMT; HttpOnly; Secure
Set-Cookie: X-PP-L7=1; Path=/; Domain=paypal.com; Secure
Vary: Accept-Encoding,User-Agent
X-Frame-Options: SAMEORIGIN
Content-Length: 741
Connection: close
Strict-Transport-Security: max-age=63072000

SUCCESS
mc_gross=20.00
protection_eligibility=Eligible
payer_id=3HUYVUZ8VXHF6
tax=0.00
payment_date=22%3A01%3A58+Feb+05%2C+2020+PST
payment_status=Completed
charset=windows-1252
first_name=Khangembam
mc_fee=0.80
custom=
payer_status=verified
business=khangembamc%40gmail.com
quantity=1
payer_email=meeraen_kha%40gmail.com
txn_id=0JT58222F4646351H
payment_type=instant
last_name=Mathoungamba
receiver_email=khangembamc%40gmail.com
payment_fee=
shipping_discount=0.00
insurance_amount=0.00
receiver_id=KUN3L4XB33UAU
txn_type=web_accept
item_name=1fcb7ec7-90d0-4c0f-a775-62a07ff0656b
discount=0.00
mc_currency=INR
item_number=1
residence_country=IN
handling_amount=0.00
shipping_method=Default
transaction_subject=
payment_gross=
shipping=0.00

[2020-02-10 12:38 Asia/Kolkata] HTTP request of validation request:POST /cgi-bin/webscr HTTP/1.1
Host: www.sandbox.paypal.com
Accept: */*
Connection: Close
Content-Length: 192
Content-Type: application/x-www-form-urlencoded

 for IPN payload: amt=20.00&cc=INR&item_name=a3280206-6f0d-4c41-8e62-7adf80c36234&item_number=1&st=Completed&tx=77433783VY4315837&cmd=_notify-synch&at=xyvzY6f0sSDiz5W1G9Z-kpTdQDka1JIxTFVKIcaCFdM31R0ZIXExkJoL7ly
[2020-02-10 12:38 Asia/Kolkata] HTTP response of validation request: HTTP/1.1 200 OK
Cache-Control: max-age=0, no-cache, no-store, must-revalidate
Content-Type: text/html; charset=UTF-8
Date: Mon, 10 Feb 2020 07:08:06 GMT
Paypal-Debug-Id: 81e41556f47e5
Set-Cookie: c9MWDuvPtT9GIMyPc3jwol1VSlO=QabwoBxBbe-h-T_Wi8VEfG0wPbqlGZqJOOKUAWUFyGIZ5-PmrZWdL5AGFkLQehGgnfGQV-B6vEZ--tNWUYbfyR_jU17jDtH_flzu0HoE0l9_HZkUzkDexpsZrgyGoJXZbgaAlvVKxsDLo_bC7vXHjYT82fV4wtBasohnCpD-otmft1lZjSmefUnePKTW-kwWaE_jYOGpj7zNss2tVP6cO4SSIYwp8rgdjHUc4oTTytDLSUBJ4Q0EAVgktq3zd7GKPT-ZrW-LYF2UH7qOpeUA-A87aAYh-1DdTfQcE0UEqo62ct8lxERieBUQoHWe5FpyB3eb80OjyHcE0oGWmZrth4_dM8TPPlz8g64fQaTfaxm-ppYhhJd_3uKYZmG8yOqYkhcx_nKcXA9ccKSMdihXRSct26Vwx_fiNTY6K1qJj-kbuRiLc4VI51GJ960; Path=/; Domain=paypal.com; HttpOnly; Secure
Set-Cookie: -1ILhdyICORs4hS4xTUr41S8iP0=Qj2QgLUtiay2ogIjieCk9K8Q5JDovrwGSdzgvu2VK7Bp9Pan-rzhcXTlarBLVe616WEEtm5uTE4R9yIr; Path=/; Domain=paypal.com; Expires=Wed, 31 Dec 1969 23:59:59 GMT; HttpOnly; Secure
Set-Cookie: cookie_check=yes; Path=/; Domain=paypal.com; Expires=Thu, 07 Feb 2030 07:08:07 GMT; HttpOnly; Secure
Set-Cookie: navcmd=_notify-synch; Path=/; Domain=paypal.com; HttpOnly; Secure
Set-Cookie: navlns=0.0; Path=/; Domain=paypal.com; Expires=Wed, 09 Feb 2022 07:08:07 GMT; HttpOnly; Secure
Set-Cookie: Apache=10.72.108.11.1581318486790989; Path=/
Set-Cookie: X-PP-SILOVER=name%3DSANDBOX3.WEB.1%26silo_version%3D880%26app%3Dappdispatcher%26TIME%3D1581318488%26HTTP_X_PP_AZ_LOCATOR%3Dsandbox.slc; Path=/; Domain=paypal.com; Expires=Mon, 10 Feb 2020 07:38:08 GMT; HttpOnly; Secure
Set-Cookie: X-PP-L7=1; Path=/; Domain=paypal.com; Secure
Vary: Accept-Encoding,User-Agent
X-Frame-Options: SAMEORIGIN
Content-Length: 741
Connection: close
Strict-Transport-Security: max-age=63072000

SUCCESS
mc_gross=20.00
protection_eligibility=Eligible
payer_id=3HUYVUZ8VXHF6
tax=0.00
payment_date=23%3A07%3A56+Feb+09%2C+2020+PST
payment_status=Completed
charset=windows-1252
first_name=Khangembam
mc_fee=0.80
custom=
payer_status=verified
business=khangembamc%40gmail.com
quantity=1
payer_email=meeraen_kha%40gmail.com
txn_id=77433783VY4315837
payment_type=instant
last_name=Mathoungamba
receiver_email=khangembamc%40gmail.com
payment_fee=
shipping_discount=0.00
insurance_amount=0.00
receiver_id=KUN3L4XB33UAU
txn_type=web_accept
item_name=a3280206-6f0d-4c41-8e62-7adf80c36234
discount=0.00
mc_currency=INR
item_number=1
residence_country=IN
handling_amount=0.00
shipping_method=Default
transaction_subject=
payment_gross=
shipping=0.00

[2020-02-10 12:40 Asia/Kolkata] HTTP request of validation request:POST /cgi-bin/webscr HTTP/1.1
Host: www.sandbox.paypal.com
Accept: */*
Connection: Close
Content-Length: 192
Content-Type: application/x-www-form-urlencoded

 for IPN payload: amt=20.00&cc=INR&item_name=a3280206-6f0d-4c41-8e62-7adf80c36234&item_number=1&st=Completed&tx=77433783VY4315837&cmd=_notify-synch&at=xyvzY6f0sSDiz5W1G9Z-kpTdQDka1JIxTFVKIcaCFdM31R0ZIXExkJoL7ly
[2020-02-10 12:40 Asia/Kolkata] HTTP response of validation request: HTTP/1.1 200 OK
Cache-Control: max-age=0, no-cache, no-store, must-revalidate
Content-Type: text/html; charset=UTF-8
Date: Mon, 10 Feb 2020 07:10:52 GMT
Paypal-Debug-Id: 3f6a9c2396158
Set-Cookie: c9MWDuvPtT9GIMyPc3jwol1VSlO=AZge7vTy3zaPnyN2Pc2B-Z71oARtz4psGrha_l9SFkorgKU0YmNl8xHpZ0NVmbNYxNj1tGlGYAq2yGu4HhlxYAMgEZtLbV6vLHspZlaPdUANObiX9q86EDn-3KnuPGnvFnEDrEzyJI9BhJeexlV5d33E603Z5PFNoQVxniDrP2OBP4UpMWoDc5QtY_JyR3ynjpHqrFYaegHXa8djbNkFbffCSe_pxJ0KN87QniBC6PnZ22FQ216vAYjxW-L_Wb-BXMw9kXr74gsKDpQjyy7YMomR4E3UNE7tbREYS1loLlL0wTtEVjFOvbbe3gJ-stjZT-PbL7Jw53F71DNOWsauODR8AJOvZF9_ydQX54eIgF05Oe9FqgPhhWmXKp1gv9vMgnOS7iGsMDCD0I1xjUAKcqN0N7XfOkixPqrueMNdcJM-mEZ6uleNrkzOK7u; Path=/; Domain=paypal.com; HttpOnly; Secure
Set-Cookie: -1ILhdyICORs4hS4xTUr41S8iP0=DkZIc2RIlDMgI5MxbH0hpo3shrTXh1pGKAS3uzGrp6ASa-nTpU0gfptvRXQIjDIUhU_fZt-1bq27JzUZ; Path=/; Domain=paypal.com; Expires=Wed, 31 Dec 1969 23:59:59 GMT; HttpOnly; Secure
Set-Cookie: cookie_check=yes; Path=/; Domain=paypal.com; Expires=Thu, 07 Feb 2030 07:10:53 GMT; HttpOnly; Secure
Set-Cookie: navcmd=_notify-synch; Path=/; Domain=paypal.com; HttpOnly; Secure
Set-Cookie: navlns=0.0; Path=/; Domain=paypal.com; Expires=Wed, 09 Feb 2022 07:10:53 GMT; HttpOnly; Secure
Set-Cookie: Apache=10.72.108.11.1581318652947113; Path=/
Set-Cookie: X-PP-SILOVER=name%3DSANDBOX3.WEB.1%26silo_version%3D880%26app%3Dappdispatcher%26TIME%3D1581318654%26HTTP_X_PP_AZ_LOCATOR%3Dsandbox.slc; Path=/; Domain=paypal.com; Expires=Mon, 10 Feb 2020 07:40:54 GMT; HttpOnly; Secure
Set-Cookie: X-PP-L7=1; Path=/; Domain=paypal.com; Secure
Vary: Accept-Encoding,User-Agent
X-Frame-Options: SAMEORIGIN
Content-Length: 741
Connection: close
Strict-Transport-Security: max-age=63072000

SUCCESS
mc_gross=20.00
protection_eligibility=Eligible
payer_id=3HUYVUZ8VXHF6
tax=0.00
payment_date=23%3A07%3A56+Feb+09%2C+2020+PST
payment_status=Completed
charset=windows-1252
first_name=Khangembam
mc_fee=0.80
custom=
payer_status=verified
business=khangembamc%40gmail.com
quantity=1
payer_email=meeraen_kha%40gmail.com
txn_id=77433783VY4315837
payment_type=instant
last_name=Mathoungamba
receiver_email=khangembamc%40gmail.com
payment_fee=
shipping_discount=0.00
insurance_amount=0.00
receiver_id=KUN3L4XB33UAU
txn_type=web_accept
item_name=a3280206-6f0d-4c41-8e62-7adf80c36234
discount=0.00
mc_currency=INR
item_number=1
residence_country=IN
handling_amount=0.00
shipping_method=Default
transaction_subject=
payment_gross=
shipping=0.00

[2020-02-10 12:43 Asia/Kolkata] HTTP request of validation request:POST /cgi-bin/webscr HTTP/1.1
Host: www.sandbox.paypal.com
Accept: */*
Connection: Close
Content-Length: 192
Content-Type: application/x-www-form-urlencoded

 for IPN payload: amt=20.00&cc=INR&item_name=a3280206-6f0d-4c41-8e62-7adf80c36234&item_number=1&st=Completed&tx=77433783VY4315837&cmd=_notify-synch&at=xyvzY6f0sSDiz5W1G9Z-kpTdQDka1JIxTFVKIcaCFdM31R0ZIXExkJoL7ly
[2020-02-10 12:43 Asia/Kolkata] HTTP response of validation request: HTTP/1.1 200 OK
Cache-Control: max-age=0, no-cache, no-store, must-revalidate
Content-Type: text/html; charset=UTF-8
Date: Mon, 10 Feb 2020 07:13:08 GMT
Paypal-Debug-Id: c89d1f5e15be0
Set-Cookie: c9MWDuvPtT9GIMyPc3jwol1VSlO=rqk_vg1I9wsYfOz7fxkIECv3v4-Rj2iqK6rRhl1VffPgp_wm32I3oAaR78d8xFrrKbzUjGcKDY4fQ_Oh5Q34OAOA1P4IbqTG5MFob9_5XXiBpZxG-s0J7qdlOj0ZV9buAax9S2NIRrXso9fo3acnMTji5BG07CHjqtZ1keVCkWkp6RS9PBHuBUeWLbpR-OSRI4chj31PUDSB_qgYoo12YLsw2lAcDJKHxUpsDbUHCN7YukH8rMLzXcC_hLLH68EMboHbVEbAvIymJLBHaXZGWkLPmSiRXTz9XUBoztvEaKYb67zHdBBC01awoHJRe4qMB6ang9aHG2xXd98-2-hc23cpC6CcacPZ7bF7BUtrWcx3CugH9e0HaV0xybZ_w57CmDCEBiuowsL_jeqf2bgN9mG1B9mqi9fckhmHz5m-e04VI9IwVP3BBtEWdiS; Path=/; Domain=paypal.com; HttpOnly; Secure
Set-Cookie: -1ILhdyICORs4hS4xTUr41S8iP0=pZECZvrdO8_HsqpE5nV8wL3dyF7iwUvJhsdg4_dYupdXDBeqCsK8UGKAIZvF0RWkq2jyrZZfPBck7_uL; Path=/; Domain=paypal.com; Expires=Wed, 31 Dec 1969 23:59:59 GMT; HttpOnly; Secure
Set-Cookie: cookie_check=yes; Path=/; Domain=paypal.com; Expires=Thu, 07 Feb 2030 07:13:08 GMT; HttpOnly; Secure
Set-Cookie: navcmd=_notify-synch; Path=/; Domain=paypal.com; HttpOnly; Secure
Set-Cookie: navlns=0.0; Path=/; Domain=paypal.com; Expires=Wed, 09 Feb 2022 07:13:08 GMT; HttpOnly; Secure
Set-Cookie: Apache=10.72.108.11.1581318788050977; Path=/
Set-Cookie: X-PP-SILOVER=name%3DSANDBOX3.WEB.1%26silo_version%3D880%26app%3Dappdispatcher%26TIME%3D1581318789%26HTTP_X_PP_AZ_LOCATOR%3Dsandbox.slc; Path=/; Domain=paypal.com; Expires=Mon, 10 Feb 2020 07:43:09 GMT; HttpOnly; Secure
Set-Cookie: X-PP-L7=1; Path=/; Domain=paypal.com; Secure
Vary: Accept-Encoding,User-Agent
X-Frame-Options: SAMEORIGIN
Content-Length: 741
Connection: close
Strict-Transport-Security: max-age=63072000

SUCCESS
mc_gross=20.00
protection_eligibility=Eligible
payer_id=3HUYVUZ8VXHF6
tax=0.00
payment_date=23%3A07%3A56+Feb+09%2C+2020+PST
payment_status=Completed
charset=windows-1252
first_name=Khangembam
mc_fee=0.80
custom=
payer_status=verified
business=khangembamc%40gmail.com
quantity=1
payer_email=meeraen_kha%40gmail.com
txn_id=77433783VY4315837
payment_type=instant
last_name=Mathoungamba
receiver_email=khangembamc%40gmail.com
payment_fee=
shipping_discount=0.00
insurance_amount=0.00
receiver_id=KUN3L4XB33UAU
txn_type=web_accept
item_name=a3280206-6f0d-4c41-8e62-7adf80c36234
discount=0.00
mc_currency=INR
item_number=1
residence_country=IN
handling_amount=0.00
shipping_method=Default
transaction_subject=
payment_gross=
shipping=0.00

[2020-02-10 12:46 Asia/Kolkata] HTTP request of validation request:POST /cgi-bin/webscr HTTP/1.1
Host: www.sandbox.paypal.com
Accept: */*
Connection: Close
Content-Length: 192
Content-Type: application/x-www-form-urlencoded

 for IPN payload: amt=20.00&cc=INR&item_name=a3280206-6f0d-4c41-8e62-7adf80c36234&item_number=1&st=Completed&tx=77433783VY4315837&cmd=_notify-synch&at=xyvzY6f0sSDiz5W1G9Z-kpTdQDka1JIxTFVKIcaCFdM31R0ZIXExkJoL7ly
[2020-02-10 12:46 Asia/Kolkata] HTTP response of validation request: HTTP/1.1 200 OK
Cache-Control: max-age=0, no-cache, no-store, must-revalidate
Content-Type: text/html; charset=UTF-8
Date: Mon, 10 Feb 2020 07:16:25 GMT
Paypal-Debug-Id: c15750c400e05
Set-Cookie: c9MWDuvPtT9GIMyPc3jwol1VSlO=bPIezgt_30yQfzb9tpQA4R5-M4cRw1RVu5JMo971t11YIAvsw5wclZjrmkHmE-WcfqezDg7XJdYifqGxZSC7Oaa2xybUCaAAoCjlKvin0QrZG-bz20Wv7DNW8cZYLbZi_T9B8g2AszHDC_iwDwknNNo4lml7Kzud6HqUjDN2lqvStM8E8-kOjNs1-wL8CPpgc1_5QVo3gOw25qv6ZwRWqeTJqXRKzYcDhOv-CTkk2Z05lWlitnY2XUcJUFWucqYREXSTsAyPg2lPl27ghuIIQ68OtX3fUPgp06O1bjSjE2-b9g7rrK_5_QyHv28jiE17sPUTMMJPDkRXN90vSi3OnRAkflreqaME31eOX7vIaqAG71LpfwxfiDVSCsIEJ50YXmWz8T-02QaVdKDUSZf6KWTLIUxLPkUhmjaxYG; Path=/; Domain=paypal.com; HttpOnly; Secure
Set-Cookie: -1ILhdyICORs4hS4xTUr41S8iP0=8OJQTZpUPWxD-Og64gGBT6FTCOv3YtjKtWEoGMWYnrz5KSWXg5FUlTRfT0neFQ-AymDZpV4IIubRnV4-; Path=/; Domain=paypal.com; Expires=Wed, 31 Dec 1969 23:59:59 GMT; HttpOnly; Secure
Set-Cookie: cookie_check=yes; Path=/; Domain=paypal.com; Expires=Thu, 07 Feb 2030 07:16:26 GMT; HttpOnly; Secure
Set-Cookie: navcmd=_notify-synch; Path=/; Domain=paypal.com; HttpOnly; Secure
Set-Cookie: navlns=0.0; Path=/; Domain=paypal.com; Expires=Wed, 09 Feb 2022 07:16:26 GMT; HttpOnly; Secure
Set-Cookie: Apache=10.72.108.11.1581318985454681; Path=/
Set-Cookie: X-PP-SILOVER=name%3DSANDBOX3.WEB.1%26silo_version%3D880%26app%3Dappdispatcher%26TIME%3D1581318986%26HTTP_X_PP_AZ_LOCATOR%3Dsandbox.slc; Path=/; Domain=paypal.com; Expires=Mon, 10 Feb 2020 07:46:26 GMT; HttpOnly; Secure
Set-Cookie: X-PP-L7=1; Path=/; Domain=paypal.com; Secure
Vary: Accept-Encoding,User-Agent
X-Frame-Options: SAMEORIGIN
Content-Length: 741
Connection: close
Strict-Transport-Security: max-age=63072000

SUCCESS
mc_gross=20.00
protection_eligibility=Eligible
payer_id=3HUYVUZ8VXHF6
tax=0.00
payment_date=23%3A07%3A56+Feb+09%2C+2020+PST
payment_status=Completed
charset=windows-1252
first_name=Khangembam
mc_fee=0.80
custom=
payer_status=verified
business=khangembamc%40gmail.com
quantity=1
payer_email=meeraen_kha%40gmail.com
txn_id=77433783VY4315837
payment_type=instant
last_name=Mathoungamba
receiver_email=khangembamc%40gmail.com
payment_fee=
shipping_discount=0.00
insurance_amount=0.00
receiver_id=KUN3L4XB33UAU
txn_type=web_accept
item_name=a3280206-6f0d-4c41-8e62-7adf80c36234
discount=0.00
mc_currency=INR
item_number=1
residence_country=IN
handling_amount=0.00
shipping_method=Default
transaction_subject=
payment_gross=
shipping=0.00

[2020-02-10 12:47 Asia/Kolkata] HTTP request of validation request:POST /cgi-bin/webscr HTTP/1.1
Host: www.sandbox.paypal.com
Accept: */*
Connection: Close
Content-Length: 192
Content-Type: application/x-www-form-urlencoded

 for IPN payload: amt=20.00&cc=INR&item_name=a3280206-6f0d-4c41-8e62-7adf80c36234&item_number=1&st=Completed&tx=77433783VY4315837&cmd=_notify-synch&at=xyvzY6f0sSDiz5W1G9Z-kpTdQDka1JIxTFVKIcaCFdM31R0ZIXExkJoL7ly
[2020-02-10 12:47 Asia/Kolkata] HTTP response of validation request: HTTP/1.1 200 OK
Cache-Control: max-age=0, no-cache, no-store, must-revalidate
Content-Type: text/html; charset=UTF-8
Date: Mon, 10 Feb 2020 07:17:19 GMT
Paypal-Debug-Id: d8cf0c4ae46ef
Set-Cookie: c9MWDuvPtT9GIMyPc3jwol1VSlO=Kr_lVXEKroUw1vOFTvjMeYtG5YMyLEma8FdOPvmkuWLvV0YOGA2fdScNEh0NXPwNEvSxyPuXfXfiaTEvEN84hQ-AI0cJxQzJ2UKgVx2zdCo0olLpjdcYtBB5btLcWZzcNYoOu9hmqwmEslGTU56clIXMjdc-ghUp2-gKe72zIpKltdx4mB6GyTx947RJz9v3ROjzfk67x48o0kGSZoiA3MP0q48k9dDjkBtYHq8Y3ghtpU48-MBz46oGaRYt0qZuWFlWH2USdr093NtDMHHSK4Gn_Z_cxSOC4ceCAzSIApEdwb2w4vdyMjqcC2PZx8iNde8gV-Zgyd2tvgKPqkuZ1ZbhlHqLSiADUTTcjpJn3nNIwV9I9GguZ2-G1msy_VhaDQ92l3h-05miFS3UXbw-lOeYasYj5TkYOV5h6Ynqe_SxkASbmytwpEtHoae; Path=/; Domain=paypal.com; HttpOnly; Secure
Set-Cookie: -1ILhdyICORs4hS4xTUr41S8iP0=nzQEE5GzFr6W3-HNxQGyhsnlcxIT1aTrSZG7osQeiozBrQbca1VhJ6Q6I-yW5Tt7YyAnVbVcThtlyNOw; Path=/; Domain=paypal.com; Expires=Wed, 31 Dec 1969 23:59:59 GMT; HttpOnly; Secure
Set-Cookie: cookie_check=yes; Path=/; Domain=paypal.com; Expires=Thu, 07 Feb 2030 07:17:20 GMT; HttpOnly; Secure
Set-Cookie: navcmd=_notify-synch; Path=/; Domain=paypal.com; HttpOnly; Secure
Set-Cookie: navlns=0.0; Path=/; Domain=paypal.com; Expires=Wed, 09 Feb 2022 07:17:20 GMT; HttpOnly; Secure
Set-Cookie: Apache=10.72.108.11.1581319039302380; Path=/
Set-Cookie: X-PP-SILOVER=name%3DSANDBOX3.WEB.1%26silo_version%3D880%26app%3Dappdispatcher%26TIME%3D1581319040%26HTTP_X_PP_AZ_LOCATOR%3Dsandbox.slc; Path=/; Domain=paypal.com; Expires=Mon, 10 Feb 2020 07:47:20 GMT; HttpOnly; Secure
Set-Cookie: X-PP-L7=1; Path=/; Domain=paypal.com; Secure
Vary: Accept-Encoding,User-Agent
X-Frame-Options: SAMEORIGIN
Content-Length: 741
Connection: close
Strict-Transport-Security: max-age=63072000

SUCCESS
mc_gross=20.00
protection_eligibility=Eligible
payer_id=3HUYVUZ8VXHF6
tax=0.00
payment_date=23%3A07%3A56+Feb+09%2C+2020+PST
payment_status=Completed
charset=windows-1252
first_name=Khangembam
mc_fee=0.80
custom=
payer_status=verified
business=khangembamc%40gmail.com
quantity=1
payer_email=meeraen_kha%40gmail.com
txn_id=77433783VY4315837
payment_type=instant
last_name=Mathoungamba
receiver_email=khangembamc%40gmail.com
payment_fee=
shipping_discount=0.00
insurance_amount=0.00
receiver_id=KUN3L4XB33UAU
txn_type=web_accept
item_name=a3280206-6f0d-4c41-8e62-7adf80c36234
discount=0.00
mc_currency=INR
item_number=1
residence_country=IN
handling_amount=0.00
shipping_method=Default
transaction_subject=
payment_gross=
shipping=0.00

[2020-02-10 12:48 Asia/Kolkata] HTTP request of validation request:POST /cgi-bin/webscr HTTP/1.1
Host: www.sandbox.paypal.com
Accept: */*
Connection: Close
Content-Length: 192
Content-Type: application/x-www-form-urlencoded

 for IPN payload: amt=20.00&cc=INR&item_name=a3280206-6f0d-4c41-8e62-7adf80c36234&item_number=1&st=Completed&tx=77433783VY4315837&cmd=_notify-synch&at=xyvzY6f0sSDiz5W1G9Z-kpTdQDka1JIxTFVKIcaCFdM31R0ZIXExkJoL7ly
[2020-02-10 12:48 Asia/Kolkata] HTTP response of validation request: HTTP/1.1 200 OK
Cache-Control: max-age=0, no-cache, no-store, must-revalidate
Content-Type: text/html; charset=UTF-8
Date: Mon, 10 Feb 2020 07:18:29 GMT
Paypal-Debug-Id: 5249858eedab2
Set-Cookie: c9MWDuvPtT9GIMyPc3jwol1VSlO=AybolqfnzgP5tpzgItM-Zx7GQ57JKgUyAuJFUWm0b1kj-c3C2eYPw-P8FtKgvVWVGXy1_19qSPVwU_IDfZuBidqzVj-M-c7E-ovkcVJmJrew9dF4ZYkXhfCuc9IHbdEEGZ7iJtKDX085m2GmsRc3qrvpqVl2MPwYpdbjYXxTCTDtuCoNI2zZGBAkkBQgkld_lBTlL6RwkEeeu3xez154YaIk-G6bA2b2y9IK43NB_3edDSYHC_pDeXc_b6W9xGKLU80l4TgUIhx8WwgoQBwkIfSkDSCS18qdIbX4WHiG35TIDSBvIcLnFNRW1_1ivgZq-aKOZeceUgicriMoq-VOBb5jQy8UcGH3ljcbTgBUxye8ok5xA_gaGVV2FeUcmMjwUGWgQi-FWY3D2dD5Gb4DtzYQJpCuAcE4h3-g3Dy7dMgdnyKKpYEaT_0DbZy; Path=/; Domain=paypal.com; HttpOnly; Secure
Set-Cookie: -1ILhdyICORs4hS4xTUr41S8iP0=Xt4Vgts8DCYojpQmp7f14ZiQbJj0b4PeMfjMyzfXIAEgMQVzGhIYgvKKjKF5kQQrVRVosWdc8DM4UgFE; Path=/; Domain=paypal.com; Expires=Wed, 31 Dec 1969 23:59:59 GMT; HttpOnly; Secure
Set-Cookie: cookie_check=yes; Path=/; Domain=paypal.com; Expires=Thu, 07 Feb 2030 07:18:30 GMT; HttpOnly; Secure
Set-Cookie: navcmd=_notify-synch; Path=/; Domain=paypal.com; HttpOnly; Secure
Set-Cookie: navlns=0.0; Path=/; Domain=paypal.com; Expires=Wed, 09 Feb 2022 07:18:30 GMT; HttpOnly; Secure
Set-Cookie: Apache=10.72.108.11.1581319109791723; Path=/
Set-Cookie: X-PP-SILOVER=name%3DSANDBOX3.WEB.1%26silo_version%3D880%26app%3Dappdispatcher%26TIME%3D1581319111%26HTTP_X_PP_AZ_LOCATOR%3Dsandbox.slc; Path=/; Domain=paypal.com; Expires=Mon, 10 Feb 2020 07:48:31 GMT; HttpOnly; Secure
Set-Cookie: X-PP-L7=1; Path=/; Domain=paypal.com; Secure
Vary: Accept-Encoding,User-Agent
X-Frame-Options: SAMEORIGIN
Content-Length: 741
Connection: close
Strict-Transport-Security: max-age=63072000

SUCCESS
mc_gross=20.00
protection_eligibility=Eligible
payer_id=3HUYVUZ8VXHF6
tax=0.00
payment_date=23%3A07%3A56+Feb+09%2C+2020+PST
payment_status=Completed
charset=windows-1252
first_name=Khangembam
mc_fee=0.80
custom=
payer_status=verified
business=khangembamc%40gmail.com
quantity=1
payer_email=meeraen_kha%40gmail.com
txn_id=77433783VY4315837
payment_type=instant
last_name=Mathoungamba
receiver_email=khangembamc%40gmail.com
payment_fee=
shipping_discount=0.00
insurance_amount=0.00
receiver_id=KUN3L4XB33UAU
txn_type=web_accept
item_name=a3280206-6f0d-4c41-8e62-7adf80c36234
discount=0.00
mc_currency=INR
item_number=1
residence_country=IN
handling_amount=0.00
shipping_method=Default
transaction_subject=
payment_gross=
shipping=0.00

[2020-02-10 12:50 Asia/Kolkata] HTTP request of validation request:POST /cgi-bin/webscr HTTP/1.1
Host: www.sandbox.paypal.com
Accept: */*
Connection: Close
Content-Length: 192
Content-Type: application/x-www-form-urlencoded

 for IPN payload: amt=20.00&cc=INR&item_name=a3280206-6f0d-4c41-8e62-7adf80c36234&item_number=1&st=Completed&tx=77433783VY4315837&cmd=_notify-synch&at=xyvzY6f0sSDiz5W1G9Z-kpTdQDka1JIxTFVKIcaCFdM31R0ZIXExkJoL7ly
[2020-02-10 12:50 Asia/Kolkata] HTTP response of validation request: HTTP/1.1 200 OK
Cache-Control: max-age=0, no-cache, no-store, must-revalidate
Content-Type: text/html; charset=UTF-8
Date: Mon, 10 Feb 2020 07:20:07 GMT
Paypal-Debug-Id: 7bed350e9b8bf
Set-Cookie: c9MWDuvPtT9GIMyPc3jwol1VSlO=rTgl05AYjgQNr4PbcuAJ4vZ3FmgZ1Z-NKnUXrQJJhYc7t8paSqTYh9Vye5wpLogFJiBaLTW-2YBfIQ_uk1NP5trHR8IPLJ9o0pvx-VK8PMmkKS1TB6JtHZ2wHbZeIAYFiGMUVWnPlUdx5O5CuOq0uwUvNS_i5OSrp5pf8966XplBC5UQy_jNVGsPH8jTm_-kUWB-UPjAfHMBgFS-GHNIxPwP5SO3pYXf1YewdZO2tsRuGk79Se0tBt1UXAIRAq18gnlhNdlc9eka9mGszzBqEJ-Cry4elVAxUGu22eZ31jb15YGMFJJHIG4_nFwrHRNcGZn_uEi3-4EdnXaRacc9x2kGojSS4r3DiryjqB77hScOuseFfOqvsnJy-OFJL960F0uHlnnkkZXNjOwvq9wbmHWUPovAWAT4xGPhGEU8UMV7RgojP2O55xrM36m; Path=/; Domain=paypal.com; HttpOnly; Secure
Set-Cookie: -1ILhdyICORs4hS4xTUr41S8iP0=yfdB-M7dSsJ0-yCxz40cc2qaodUSNhLCFa-4ggGQwz7FF0RbNVwrvsW99Uog32pJfIDE9dmvTBQg9JVM; Path=/; Domain=paypal.com; Expires=Wed, 31 Dec 1969 23:59:59 GMT; HttpOnly; Secure
Set-Cookie: cookie_check=yes; Path=/; Domain=paypal.com; Expires=Thu, 07 Feb 2030 07:20:08 GMT; HttpOnly; Secure
Set-Cookie: navcmd=_notify-synch; Path=/; Domain=paypal.com; HttpOnly; Secure
Set-Cookie: navlns=0.0; Path=/; Domain=paypal.com; Expires=Wed, 09 Feb 2022 07:20:08 GMT; HttpOnly; Secure
Set-Cookie: Apache=10.72.108.11.1581319207705594; Path=/
Set-Cookie: X-PP-SILOVER=name%3DSANDBOX3.WEB.1%26silo_version%3D880%26app%3Dappdispatcher%26TIME%3D1581319209%26HTTP_X_PP_AZ_LOCATOR%3Dsandbox.slc; Path=/; Domain=paypal.com; Expires=Mon, 10 Feb 2020 07:50:09 GMT; HttpOnly; Secure
Set-Cookie: X-PP-L7=1; Path=/; Domain=paypal.com; Secure
Vary: Accept-Encoding,User-Agent
X-Frame-Options: SAMEORIGIN
Content-Length: 741
Connection: close
Strict-Transport-Security: max-age=63072000

SUCCESS
mc_gross=20.00
protection_eligibility=Eligible
payer_id=3HUYVUZ8VXHF6
tax=0.00
payment_date=23%3A07%3A56+Feb+09%2C+2020+PST
payment_status=Completed
charset=windows-1252
first_name=Khangembam
mc_fee=0.80
custom=
payer_status=verified
business=khangembamc%40gmail.com
quantity=1
payer_email=meeraen_kha%40gmail.com
txn_id=77433783VY4315837
payment_type=instant
last_name=Mathoungamba
receiver_email=khangembamc%40gmail.com
payment_fee=
shipping_discount=0.00
insurance_amount=0.00
receiver_id=KUN3L4XB33UAU
txn_type=web_accept
item_name=a3280206-6f0d-4c41-8e62-7adf80c36234
discount=0.00
mc_currency=INR
item_number=1
residence_country=IN
handling_amount=0.00
shipping_method=Default
transaction_subject=
payment_gross=
shipping=0.00

[2020-02-10 12:54 Asia/Kolkata] HTTP request of validation request:POST /cgi-bin/webscr HTTP/1.1
Host: www.sandbox.paypal.com
Accept: */*
Connection: Close
Content-Length: 192
Content-Type: application/x-www-form-urlencoded

 for IPN payload: amt=20.00&cc=INR&item_name=af2fbbea-4f9f-4ec3-a53b-558215f67e18&item_number=1&st=Completed&tx=01429698HX146553P&cmd=_notify-synch&at=xyvzY6f0sSDiz5W1G9Z-kpTdQDka1JIxTFVKIcaCFdM31R0ZIXExkJoL7ly
[2020-02-10 12:54 Asia/Kolkata] HTTP response of validation request: HTTP/1.1 200 OK
Cache-Control: max-age=0, no-cache, no-store, must-revalidate
Content-Type: text/html; charset=UTF-8
Date: Mon, 10 Feb 2020 07:24:29 GMT
Paypal-Debug-Id: 1cec820df098
Set-Cookie: c9MWDuvPtT9GIMyPc3jwol1VSlO=4xmSQ4Jetg_NoB8ilP3hUrDSx2Xvyc-rfX-xq8gRMUVEtxzi3eHdMCAOqQR71GjANQdNH1iDkQBffUUnDvoBMJmTgmFpUiESi3K5N4LNdkVIcKaddDLlpirG6wxMhT4pZSF9sPWwT-2x1ZztuczO9fU5DhOdsZZ1tPFvvjD9jmbiqPtqU_nc-xq-5HxZ0djvPRDlu4jeCWsOKitskvJO0f9kp7rzVTC0ywh_iC1WEWpjcfPhwJOaSMq3tFgL0KoHR4_vSTXbmoUs6e3gap_7_mUJBa72RzMU0iM3YBUOn7hzrm4P6DRNjI9-CAZL8XNARro7-YhsRRxZv7h9LdOPla0v-M4dSa1XUiLlpW9IQ8A8N1AkKliBrtFuunxfcV2ov1t4-fbsNUTY6I5q0O7X-I7GSVXNfIFEP_NrntKy34p0EBSQ4lCfIHZiNii; Path=/; Domain=paypal.com; HttpOnly; Secure
Set-Cookie: -1ILhdyICORs4hS4xTUr41S8iP0=5UYLhzok4JgDAzqOy1A36GEM13FJ8PEob6NNGKoJHTj5jidnyfPAdooy0MkTwPMGI1qp4s9YZ8HM2jJJ; Path=/; Domain=paypal.com; Expires=Wed, 31 Dec 1969 23:59:59 GMT; HttpOnly; Secure
Set-Cookie: cookie_check=yes; Path=/; Domain=paypal.com; Expires=Thu, 07 Feb 2030 07:24:29 GMT; HttpOnly; Secure
Set-Cookie: navcmd=_notify-synch; Path=/; Domain=paypal.com; HttpOnly; Secure
Set-Cookie: navlns=0.0; Path=/; Domain=paypal.com; Expires=Wed, 09 Feb 2022 07:24:29 GMT; HttpOnly; Secure
Set-Cookie: Apache=10.72.108.11.1581319469016519; Path=/
Set-Cookie: X-PP-SILOVER=name%3DSANDBOX3.WEB.1%26silo_version%3D880%26app%3Dappdispatcher%26TIME%3D1581319470%26HTTP_X_PP_AZ_LOCATOR%3Dsandbox.slc; Path=/; Domain=paypal.com; Expires=Mon, 10 Feb 2020 07:54:30 GMT; HttpOnly; Secure
Set-Cookie: X-PP-L7=1; Path=/; Domain=paypal.com; Secure
Vary: Accept-Encoding,User-Agent
X-Frame-Options: SAMEORIGIN
Content-Length: 741
Connection: close
Strict-Transport-Security: max-age=63072000

SUCCESS
mc_gross=20.00
protection_eligibility=Eligible
payer_id=3HUYVUZ8VXHF6
tax=0.00
payment_date=23%3A24%3A19+Feb+09%2C+2020+PST
payment_status=Completed
charset=windows-1252
first_name=Khangembam
mc_fee=0.80
custom=
payer_status=verified
business=khangembamc%40gmail.com
quantity=1
payer_email=meeraen_kha%40gmail.com
txn_id=01429698HX146553P
payment_type=instant
last_name=Mathoungamba
receiver_email=khangembamc%40gmail.com
payment_fee=
shipping_discount=0.00
insurance_amount=0.00
receiver_id=KUN3L4XB33UAU
txn_type=web_accept
item_name=af2fbbea-4f9f-4ec3-a53b-558215f67e18
discount=0.00
mc_currency=INR
item_number=1
residence_country=IN
handling_amount=0.00
shipping_method=Default
transaction_subject=
payment_gross=
shipping=0.00

